2023-11-13 08:55:23 info: =====================================================
2023-11-13 08:55:24 info: =====================================================
2023-11-13 08:55:35 info: =====================================================
2023-11-13 08:55:39 info: =====================================================
2023-11-13 08:56:38 info: =====================================================
2023-11-13 08:56:39 info: =====================================================
2023-11-13 08:57:12 inf2023-11-13 08:55:23 info: =====================================================
2023-11-13 08:55:24 info: =====================================================
2023-11-13 08:55:35 info: =====================================================
2023-11-13 08:55:39 info: =====================================================
2023-11-13 08:56:38 info: =====================================================
2023-11-13 08:56:39 info: =====================================================
2023-11-13 08:57:12 info: =====================================================
2023-11-13 08:57:12 info: ======= ENV: dev ============================
2023-11-13 08:57:12 info: âš™ï¸ Demo server runnig on port 3330
2023-11-13 08:57:12 info: =====================================================
2023-11-13 08:57:34 info: =====================================================
2023-11-13 08:57:34 info: ======= ENV: dev ==================================
2023-11-13 08:57:34 info: âš™ï¸ Demo server runnig on port 3330
2023-11-13 08:57:34 info: =====================================================
2023-11-13 08:57:48 info: =====================================================
2023-11-13 08:57:48 info: ======= ENV: dev =====================================
2023-11-13 08:57:48 info: âš™ï¸ Demo server runnig on port 3330
2023-11-13 08:57:48 info: =====================================================
2023-11-13 08:57:53 info: =====================================================
2023-11-13 08:57:53 info: ======= ENV: dev ====================================
2023-11-13 08:57:53 info: âš™ï¸ Demo server runnig on port 3330
2023-11-13 08:57:53 info: =====================================================
2023-11-13 08:57:54 info: =====================================================
2023-11-13 08:57:54 info: ======= ENV: dev ====================================
2023-11-13 08:57:54 info: âš™ï¸ Demo server runnig on port 3330
2023-11-13 08:57:54 info: =====================================================
2023-11-13 09:04:13 info: =====================================================
2023-11-13 09:04:13 info: ======= ENV: dev ====================================
2023-11-13 09:04:13 info: âš™ï¸ Demo server runnig on port 3330
2023-11-13 09:04:13 info: =====================================================
2023-11-13 09:06:19 info: =====================================================
2023-11-13 09:06:19 info: ======= ENV: dev ====================================
2023-11-13 09:06:19 info: âš™ï¸ Demo server runnig on port 3330
2023-11-13 09:06:19 info: =====================================================
2023-11-13 09:06:27 info: =====================================================
2023-11-13 09:06:27 info: ======= ENV: dev ====================================
2023-11-13 09:06:27 info: âš™ï¸ Demo server runnig on port 3330
2023-11-13 09:06:27 info: =====================================================
2023-11-13 09:08:08 info: [0mPOST /fetch_single_user_details [33m404[0m 3.115 ms - 165[0m
2023-11-13 09:09:02 info: [0mPOST /fetch_single_user_details [33m404[0m 0.648 ms - 165[0m
2023-11-13 09:09:14 info: =====================================================
2023-11-13 09:09:14 info: ======= ENV: dev ====================================
2023-11-13 09:09:14 info: âš™ï¸ Demo server runnig on port 3330
2023-11-13 09:09:14 info: =====================================================
2023-11-13 09:09:41 info: [0mGET /fetch_single_user_details [31m500[0m 6.232 ms - 1187[0m
2023-11-13 09:11:01 info: [0mGET /fetch_single_user_details [31m500[0m 1.407 ms - 1187[0m
2023-11-13 09:12:38 info: =====================================================
2023-11-13 09:12:38 info: ======= ENV: dev ====================================
2023-11-13 09:12:38 info: âš™ï¸ Demo server runnig on port 3330
2023-11-13 09:12:38 info: =====================================================
2023-11-13 09:13:15 info: =====================================================
2023-11-13 09:13:15 info: ======= ENV: dev ====================================
2023-11-13 09:13:15 info: âš™ï¸ Demo server runnig on port 3330
2023-11-13 09:13:15 info: =====================================================
2023-11-13 09:13:31 info: =====================================================
2023-11-13 09:13:31 info: ======= ENV: dev ====================================
2023-11-13 09:13:31 info: âš™ï¸ Demo server runnig on port 3330
2023-11-13 09:13:31 info: =====================================================
2023-11-13 09:15:08 info: =====================================================
2023-11-13 09:15:09 info: ======= ENV: dev ====================================
2023-11-13 09:15:09 info: âš™ï¸ Demo server runnig on port 3330
2023-11-13 09:15:09 info: =====================================================
2023-11-13 09:18:29 info: [0mGET /fetch_single_user_details [31m500[0m 20516.640 ms - 1264[0m
2023-11-13 09:20:07 info: [0mGET /fetch_single_user_details [31m500[0m 64438.061 ms - 1264[0m
2023-11-13 09:20:45 info: =====================================================
2023-11-13 09:20:45 info: ======= ENV: dev ====================================
2023-11-13 09:20:45 info: âš™ï¸ Demo server runnig on port 3330
2023-11-13 09:20:45 info: =====================================================
[31m2023-11-13 09:20:54 error: [GET] >> StatusCode:: 409, Message::  fetch_single_user_details_service data is null[39m
2023-11-13 09:20:54 info: [0mGET /fetch_single_user_details [33m409[0m 4.923 ms - 59[0m
2023-11-13 09:21:30 info: =====================================================
2023-11-13 09:21:30 info: ======= ENV: dev ====================================
2023-11-13 09:21:30 info: âš™ï¸ Demo server runnig on port 3330
2023-11-13 09:21:30 info: =====================================================
[31m2023-11-13 09:21:41 error: [GET] >> StatusCode:: 409, Message::  fetch_single_user_details_service data is null[39m
2023-11-13 09:21:41 info: [0mGET /fetch_single_user_details [33m409[0m 5.098 ms - 59[0m
